[03:32:29] [INFO] Pre-flight: Verifying Go and Python toolchain and essential binaries...
[03:32:29] [INFO] Ensuring naabu and httpx Go binaries are installed (go install)
[03:32:42] [INFO] Internet Heartbeat: Checking connectivity...
[03:32:42] [OK] Internet Heartbeat: \033[1;32mACTIVE\033[0m
[03:35:22] [INFO] Pre-flight: Verifying Go and Python toolchain and essential binaries...
[03:35:22] [INFO] Ensuring naabu and httpx Go binaries are installed (go install)
[03:35:33] [INFO] Internet Heartbeat: Checking connectivity...
[03:35:33] [OK] Internet Heartbeat: \033[1;32mACTIVE\033[0m
[03:39:55] [INFO] Pre-flight: Verifying Go and Python toolchain and essential binaries...
[03:39:55] [INFO] Ensuring naabu and httpx Go binaries are installed (go install)
[03:40:09] [INFO] Internet Heartbeat: Checking connectivity...
[03:40:09] [OK] Internet Heartbeat: \033[1;32mACTIVE\033[0m
[03:40:09] [PHASE] 🔧 OS-AWARE BOOTSTRAP: Detecting environment and provisioning tools...
[03:40:09] [PHASE] Detected: \033[1;37mparrot security\033[0m | Package Manager: \033[1;37mapt\033[0m
[03:40:09] [OK] System provisioning running in background (PID: \033[1;37m820274\033[0m); sync log: /tmp/crimson_sync.log
[03:40:09] [PHASE] 🔧 Universal Bootstrap: Initializing \033[1;37mparrot security\033[0m environment...
[03:40:09] [OK] Framework ready for targeting while tools sync...
[03:40:09] [INFO] Installing system dependencies via \033[1;37mapt\033[0m...
[03:40:09] [OK] Intelligence Loaded from \033[1;37m/root/.crimson_vault/config\033[0m
[03:40:13] [OK] Go environment ready
[03:40:13] [INFO] Synchronizing Go-based security tools...
[03:40:13] [OK] Tool sync started in background (PID: \033[1;37m820532\033[0m); logs: \033[1;37m/tmp/crimson_sync.log\033[0m
[03:40:13] [OK] Bootstrap complete. Tools syncing in background...
[03:46:58] [INFO] Pre-flight: Verifying Go and Python toolchain and essential binaries...
[03:46:58] [INFO] Ensuring naabu and httpx Go binaries are installed (go install)
[03:47:21] [INFO] Internet Heartbeat: Checking connectivity...
[03:47:21] [OK] Internet Heartbeat: \033[1;32mACTIVE\033[0m
[03:47:21] [PHASE] 🔧 OS-AWARE BOOTSTRAP: Detecting environment and provisioning tools...
[03:47:21] [PHASE] Detected: \033[1;37mparrot security\033[0m | Package Manager: \033[1;37mapt\033[0m
[03:47:22] [OK] System provisioning running in background (PID: \033[1;37m840940\033[0m); sync log: /tmp/crimson_sync.log
[03:47:22] [PHASE] 🔧 Universal Bootstrap: Initializing \033[1;37mparrot security\033[0m environment...
[03:47:22] [OK] Framework ready for targeting while tools sync...
[03:47:22] [INFO] Installing system dependencies via \033[1;37mapt\033[0m...
[03:47:22] [OK] Intelligence Loaded from \033[1;37m/root/.crimson_vault/config\033[0m
[03:47:26] [OK] Go environment ready
[03:47:26] [INFO] Synchronizing Go-based security tools...
[03:47:26] [OK] Tool sync started in background (PID: \033[1;37m841200\033[0m); logs: \033[1;37m/tmp/crimson_sync.log\033[0m
[03:47:26] [OK] Bootstrap complete. Tools syncing in background...
[03:50:52] [INFO] Pre-flight: Verifying Go and Python toolchain and essential binaries...
[03:50:52] [INFO] Ensuring naabu and httpx Go binaries are installed (go install)
[03:51:01] [INFO] Internet Heartbeat: Checking connectivity...
[03:51:01] [OK] Internet Heartbeat: \033[1;32mACTIVE\033[0m
[03:51:01] [PHASE] 🔧 OS-AWARE BOOTSTRAP: Detecting environment and provisioning tools...
[03:51:01] [PHASE] Detected: \033[1;37mparrot security\033[0m | Package Manager: \033[1;37mapt\033[0m
[03:51:01] [OK] System provisioning running in background (PID: \033[1;37m851170\033[0m); sync log: /tmp/crimson_sync.log
[03:51:01] [PHASE] 🔧 Universal Bootstrap: Initializing \033[1;37mparrot security\033[0m environment...
[03:51:01] [OK] Framework ready for targeting while tools sync...
[03:51:01] [INFO] Installing system dependencies via \033[1;37mapt\033[0m...
[03:51:01] [OK] Intelligence Loaded from \033[1;37m/root/.crimson_vault/config\033[0m
[03:51:05] [OK] Go environment ready
[03:51:05] [INFO] Synchronizing Go-based security tools...
[03:51:05] [OK] Tool sync started in background (PID: \033[1;37m851441\033[0m); logs: \033[1;37m/tmp/crimson_sync.log\033[0m
[03:51:06] [OK] Bootstrap complete. Tools syncing in background...
[03:57:17] [INFO] Pre-flight: Verifying Go and Python toolchain and essential binaries...
[03:57:17] [INFO] Ensuring naabu and httpx Go binaries are installed (go install)
[03:57:33] [INFO] Internet Heartbeat: Checking connectivity...
[03:57:33] [OK] Internet Heartbeat: \033[1;32mACTIVE\033[0m
[03:57:33] [PHASE] 🔧 OS-AWARE BOOTSTRAP: Detecting environment and provisioning tools...
[03:57:33] [PHASE] Detected: \033[1;37mparrot security\033[0m | Package Manager: \033[1;37mapt\033[0m
[03:57:33] [OK] System provisioning running in background (PID: \033[1;37m871854\033[0m); sync log: /tmp/crimson_sync.log
[03:57:33] [PHASE] 🔧 Universal Bootstrap: Initializing \033[1;37mparrot security\033[0m environment...
[03:57:33] [OK] Framework ready for targeting while tools sync...
[03:57:33] [INFO] Installing system dependencies via \033[1;37mapt\033[0m...
[03:57:33] [OK] Intelligence Loaded from \033[1;37m/root/.crimson_vault/config\033[0m
[03:57:37] [OK] Go environment ready
[03:57:37] [INFO] Synchronizing Go-based security tools...
[03:57:37] [OK] Tool sync started in background (PID: \033[1;37m872093\033[0m); logs: \033[1;37m/tmp/crimson_sync.log\033[0m
[03:57:37] [OK] Bootstrap complete. Tools syncing in background...
[04:02:03] [INFO] Pre-flight: Verifying Go and Python toolchain and essential binaries...
[04:02:03] [INFO] Ensuring naabu and httpx Go binaries are installed (go install)
[04:02:13] [INFO] Internet Heartbeat: Checking connectivity...
[04:02:13] [OK] Internet Heartbeat: \033[1;32mACTIVE\033[0m
[04:02:13] [PHASE] 🔧 OS-AWARE BOOTSTRAP: Detecting environment and provisioning tools...
[04:02:13] [PHASE] Detected: \033[1;37mparrot security\033[0m | Package Manager: \033[1;37mapt\033[0m
[04:02:13] [OK] System provisioning running in background (PID: \033[1;37m885624\033[0m); sync log: /tmp/crimson_sync.log
[04:02:13] [PHASE] 🔧 Universal Bootstrap: Initializing \033[1;37mparrot security\033[0m environment...
[04:02:13] [OK] Framework ready for targeting while tools sync...
[04:02:14] [INFO] Installing system dependencies via \033[1;37mapt\033[0m...
[04:02:14] [OK] Intelligence Loaded from \033[1;37m/root/.crimson_vault/config\033[0m
[04:19:51] [INFO] Pre-flight: Verifying Go and Python toolchain and essential binaries...
[04:19:51] [INFO] Ensuring naabu and httpx Go binaries are installed (go install)
[04:20:19] [INFO] Internet Heartbeat: Checking connectivity...
[04:20:19] [OK] Internet Heartbeat: \033[1;32mACTIVE\033[0m
[04:20:19] [PHASE] 🔧 OS-AWARE BOOTSTRAP: Detecting environment and provisioning tools...
[04:20:19] [PHASE] Detected: \033[1;37mparrot security\033[0m | Package Manager: \033[1;37mapt\033[0m
[04:20:19] [OK] System provisioning running in background (PID: \033[1;37m933045\033[0m); sync log: /tmp/crimson_sync.log
[04:20:19] [PHASE] 🔧 Universal Bootstrap: Initializing \033[1;37mparrot security\033[0m environment...
[04:20:20] [OK] Framework ready for targeting while tools sync...
[04:20:20] [INFO] Installing system dependencies via \033[1;37mapt\033[0m...
[04:20:20] [OK] Intelligence Loaded from \033[1;37m/root/.crimson_vault/config\033[0m
